Removed Pin From Net: NetName=3V3 Pin=C1-1
Removed Pin From Net: NetName=GND Pin=C1-2
Removed Pin From Net: NetName=3V3 Pin=C2-1
Removed Pin From Net: NetName=GND Pin=C2-2
Removed Pin From Net: NetName=GND Pin=L1-1
Removed Pin From Net: NetName=GND Pin=L2-1
Removed Pin From Net: NetName=GND Pin=L3-1
Removed Pin From Net: NetName=3V3 Pin=PROG-1
Removed Pin From Net: NetName=GND Pin=PROG-2
Removed Pin From Net: NetName=GND Pin=Q1-2
Removed Pin From Net: NetName=GND Pin=Q2-2
Removed Pin From Net: NetName=3V3 Pin=RLY1-16
Removed Pin From Net: NetName=GND Pin=U1-GND
Removed Pin From Net: NetName=3V3 Pin=U1-VCC
Removed Pin From Net: NetName=3V3 Pin=U2-1
Change Component Footprint: Designator=J1 Old Footprint=10 pin Terminal sping loaded New Footprint=11 pin Terminal sping loaded
Change Footprint: Footprint Not Found AXIAL-0.3
Change Footprint: Footprint Not Found AXIAL-0.3
Change Footprint: Footprint Not Found RAD-0.3
Change Footprint: Footprint Not Found RAD-0.3
Change Footprint: Footprint Not Found RAD-0.3
Change Footprint: Footprint Not Found RAD-0.3
Change Footprint: Footprint Not Found RAD-0.3
Change Footprint: Footprint Not Found RAD-0.3
Change Footprint: Footprint Not Found AXIAL-0.3
Change Component Footprint: Designator=D1 Old Footprint=DO-214AC(SMA) New Footprint=SMA
Change Footprint: Footprint Not Found ABSM-1574
Change Footprint: Footprint Not Found VR3
Change Component Footprint: Designator=RLY1 Old Footprint=relay 5v tetecom New Footprint=JW2SNDC5V
Change Footprint: Footprint Not Found TL36WW15050
Change Footprint: Footprint Not Found D2PAK_N
Change Footprint: Footprint Not Found TO-226-AA
Change Footprint: Footprint Not Found TO-226-AA
Change Component Comment : Designator=R1 Old Comment=CAP110050319E New Comment=0805S8J0103T5E
Change Component Comment : Designator=R2 Old Comment=CAP110050319E New Comment=0805S8J0103T5E
Change Component Comment : Designator=C2 Old Comment=CAP110050456E New Comment=CL21A475KBQNNNE
Change Component Comment : Designator=C4 Old Comment=CAP110050456E New Comment=CL21A475KBQNNNE
Change Component Comment : Designator=C6 Old Comment=CAP110050456E New Comment=CL21A475KBQNNNE
Change Component Comment : Designator=C1 Old Comment=CAP110050456E New Comment=CL21B104KBCNNNL
Change Component Comment : Designator=C3 Old Comment=CAP110050456E New Comment=CL21B104KBCNNNL
Change Component Comment : Designator=C5 Old Comment=CAP110050456E New Comment=CL21B104KBCNNNL
Change Component Comment : Designator=J1 Old Comment=Comment New Comment=DG250-3.5-11P
Change Component Comment : Designator=BZ1 Old Comment=Comment New Comment=EPT-14A4009P050D
Change Component Comment : Designator=RLY1 Old Comment=Comment New Comment=JW2SN-DC5V
Change Component Comment : Designator=U2 Old Comment=Comment New Comment=L78L33ACUTR
Change Component Comment : Designator=VR1 Old Comment=Comment New Comment=L-KLS4-WH06-2A-103
Change Component Comment : Designator=SW1 Old Comment=Comment New Comment=L-KLS7-SS-12F20A-G5
Change Component Comment : Designator=R3 Old Comment=Comment New Comment=RI1210L122JT
Change Comment: Unknown Component : U1
Change Component Comment : Designator=D1 Old Comment=SMAJ33CA New Comment=US1D_R1_00001
Change Component Comment : Designator=Q1 Old Comment=TRS0BC817001 New Comment=BC817-40,215
Change Component Comment : Designator=Q2 Old Comment=TRS0BC817001 New Comment=BC817-40,215
Change component parameters: Designator = "BZ1" ("BZ1"); Footprint = "piezo buzzer"; UniqueID = "\PLYLBEVO" ("\PLYLBEVO")
Change component parameters (AddParameter): Name = "Manufacturer"; Value = "SANCO"; VariantName = "[No Variations]"
Change component parameters (AddParameter): Name = "Manufacturer Part Number"; Value = "EPT-14A4009P050D"; VariantName = "[No Variations]"
Change component parameters: Designator = "C1" ("C1"); Footprint = "C0805-N"; UniqueID = "\OPOUJRNC" ("\OPOUJRNC")
Change component parameters (AddParameter): Name = "Manufacturer"; Value = "SAMSUNG"; VariantName = "[No Variations]"
Change component parameters (AddParameter): Name = "Manufacturer Part Number"; Value = "CL21B104KBCNNNL"; VariantName = "[No Variations]"
Change component parameters (AddParameter): Name = "Value"; Value = "100nF"; VariantName = "[No Variations]"
Change component parameters: Designator = "C2" ("C2"); Footprint = "C0805-N"; UniqueID = "\TOVORCFB" ("\TOVORCFB")
Change component parameters (AddParameter): Name = "Manufacturer"; Value = "SAMSUNG"; VariantName = "[No Variations]"
Change component parameters (AddParameter): Name = "Manufacturer Part Number"; Value = "CL21A475KBQNNNE"; VariantName = "[No Variations]"
Change component parameters (AddParameter): Name = "Value"; Value = "4.7uF"; VariantName = "[No Variations]"
Change component parameters: Designator = "C3" ("C3"); Footprint = "C0805-N"; UniqueID = "\JIADDJXE" ("\JIADDJXE")
Change component parameters (AddParameter): Name = "Manufacturer"; Value = "SAMSUNG"; VariantName = "[No Variations]"
Change component parameters (AddParameter): Name = "Manufacturer Part Number"; Value = "CL21B104KBCNNNL"; VariantName = "[No Variations]"
Change component parameters (AddParameter): Name = "Value"; Value = "100nF"; VariantName = "[No Variations]"
Change component parameters: Designator = "C4" ("C4"); Footprint = "C0805-N"; UniqueID = "\QIBCQFBS" ("\QIBCQFBS")
Change component parameters (AddParameter): Name = "Manufacturer"; Value = "SAMSUNG"; VariantName = "[No Variations]"
Change component parameters (AddParameter): Name = "Manufacturer Part Number"; Value = "CL21A475KBQNNNE"; VariantName = "[No Variations]"
Change component parameters (AddParameter): Name = "Value"; Value = "4.7uF"; VariantName = "[No Variations]"
Change component parameters: Designator = "C5" ("C5"); Footprint = "C0805-N"; UniqueID = "\LVCCUXST" ("\LVCCUXST")
Change component parameters (AddParameter): Name = "Manufacturer"; Value = "SAMSUNG"; VariantName = "[No Variations]"
Change component parameters (AddParameter): Name = "Manufacturer Part Number"; Value = "CL21B104KBCNNNL"; VariantName = "[No Variations]"
Change component parameters (AddParameter): Name = "Value"; Value = "100nF"; VariantName = "[No Variations]"
Change component parameters: Designator = "C6" ("C6"); Footprint = "C0805-N"; UniqueID = "\SLLUYDIB" ("\SLLUYDIB")
Change component parameters (AddParameter): Name = "Manufacturer"; Value = "SAMSUNG"; VariantName = "[No Variations]"
Change component parameters (AddParameter): Name = "Manufacturer Part Number"; Value = "CL21A475KBQNNNE"; VariantName = "[No Variations]"
Change component parameters (AddParameter): Name = "Value"; Value = "4.7uF"; VariantName = "[No Variations]"
Change component parameters: Designator = "D1" ("D1"); Footprint = "DO-214AC(SMA)"; UniqueID = "\VHJWLXRJ" ("\VHJWLXRJ")
Change component parameters (AddParameter): Name = "ComponentLink1Description"; Value = "Datasheet link"; VariantName = "[No Variations]"
Change component parameters (AddParameter): Name = "ComponentLink1URL"; Value = "http://www.onsemi.com/pub_link/Collateral/MURA160T3-D.PDF"; VariantName = "[No Variations]"
Change component parameters (AddParameter): Name = "Manufacturer"; Value = "ON Semiconductor"; VariantName = "[No Variations]"
Change component parameters (AddParameter): Name = "Manufacturer Part Number"; Value = "US1D_R1_00001"; VariantName = "[No Variations]"
Change component parameters (AddParameter): Name = "Value"; Value = "200V 1A"; VariantName = "[No Variations]"
Change component parameters: Designator = "J1" ("J1"); Footprint = "10 pin Terminal sping loaded"; UniqueID = "\RNXECMVX" ("\RNXECMVX")
Change component parameters (AddParameter): Name = "Manufacturer"; Value = "DEGSON/GAOSONG"; VariantName = "[No Variations]"
Change component parameters (AddParameter): Name = "Manufacturer Part Number"; Value = "DG250-3.5-11P"; VariantName = "[No Variations]"
Change component parameters (AddParameter): Name = "Value"; Value = "DG250-3.5-11P"; VariantName = "[No Variations]"
Change component parameters: Designator = "Q1" ("Q1"); Footprint = "SOT-23"; UniqueID = "\PNPVWQHS" ("\PNPVWQHS")
Change component parameters (AddParameter): Name = "Manufacturer"; Value = "NXP"; VariantName = "[No Variations]"
Change component parameters (AddParameter): Name = "Manufacturer Part Number"; Value = "BC817-40,215"; VariantName = "[No Variations]"
Change component parameters: Designator = "Q2" ("Q2"); Footprint = "SOT-23"; UniqueID = "\TLDJCMCW" ("\TLDJCMCW")
Change component parameters (AddParameter): Name = "Manufacturer"; Value = "NXP"; VariantName = "[No Variations]"
Change component parameters (AddParameter): Name = "Manufacturer Part Number"; Value = "BC817-40,215"; VariantName = "[No Variations]"
Change component parameters: Designator = "R1" ("R1"); Footprint = "C0805-N"; UniqueID = "\FLGUQGGO" ("\FLGUQGGO")
Change component parameters (AddParameter): Name = "Manufacturer"; Value = "ROYALOHM"; VariantName = "[No Variations]"
Change component parameters (AddParameter): Name = "Manufacturer Part Number"; Value = "0805S8J0103T5E"; VariantName = "[No Variations]"
Change component parameters (AddParameter): Name = "Value"; Value = "10K"; VariantName = "[No Variations]"
Change component parameters: Designator = "R2" ("R2"); Footprint = "C0805-N"; UniqueID = "\HNOOTDJH" ("\HNOOTDJH")
Change component parameters (AddParameter): Name = "Manufacturer"; Value = "ROYALOHM"; VariantName = "[No Variations]"
Change component parameters (AddParameter): Name = "Manufacturer Part Number"; Value = "0805S8J0103T5E"; VariantName = "[No Variations]"
Change component parameters (AddParameter): Name = "Value"; Value = "10K"; VariantName = "[No Variations]"
Change component parameters: Designator = "R3" ("R3"); Footprint = "C1210"; UniqueID = "\RNLDQTQI" ("\RNLDQTQI")
Change component parameters (AddParameter): Name = "Manufacturer"; Value = "HOTTECH"; VariantName = "[No Variations]"
Change component parameters (AddParameter): Name = "Manufacturer Part Number"; Value = "RI1210L122JT"; VariantName = "[No Variations]"
Change component parameters (AddParameter): Name = "Value"; Value = "1.2K"; VariantName = "[No Variations]"
Change component parameters: Designator = "RLY1" ("RLY1"); Footprint = "relay 5v tetecom"; UniqueID = "\RONQBION" ("\RONQBION")
Change component parameters (AddParameter): Name = "Arrow Part Number"; Value = "JW2SN-DC5V"; VariantName = "[No Variations]"
Change component parameters (AddParameter): Name = "Arrow Price/Stock"; Value = "https://www.arrow.com/en/products/jw2sn-dc5v/panasonic?utm_currency=USD&region=nac"; VariantName = "[No Variations]"
Change component parameters (AddParameter): Name = "Datasheet Link"; Value = "https://industry.panasonic.com/ac/cdn/e/control/relay/power/catalog/mech_eng_jw.pdf"; VariantName = "[No Variations]"
Change component parameters (AddParameter): Name = "Height"; Value = "20mm"; VariantName = "[No Variations]"
Change component parameters (AddParameter): Name = "Manufacturer_Name"; Value = "Panasonic"; VariantName = "[No Variations]"
Change component parameters (AddParameter): Name = "Manufacturer_Part_Number"; Value = "JW2SN-DC5V"; VariantName = "[No Variations]"
Change component parameters (AddParameter): Name = "Mouser Part Number"; Value = "769-JW2SN-DC5V"; VariantName = "[No Variations]"
Change component parameters (AddParameter): Name = "Mouser Price/Stock"; Value = "https://www.mouser.co.uk/ProductDetail/Panasonic-Industrial-Devices/JW2SN-DC5V?qs=HLLy2pIPwuus9vgayzgjwA%3D%3D"; VariantName = "[No Variations]"
Change component parameters: Designator = "SW1" ("SW1"); Footprint = "Slide Switch"; UniqueID = "\SEDWYAKL" ("\SEDWYAKL")
Change component parameters (AddParameter): Name = "Manufacturer"; Value = "KLS ELECTRONIC"; VariantName = "[No Variations]"
Change component parameters (AddParameter): Name = "Manufacturer Part Number"; Value = "L-KLS7-SS-12F20A-G5"; VariantName = "[No Variations]"
Change component parameters: Component "U1" not found
Change component parameters: Designator = "U2" ("U2"); Footprint = "SOT89M"; UniqueID = "\HGJMLEJO" ("\HGJMLEJO")
Change component parameters (AddParameter): Name = "Manufacturer"; Value = "STM"; VariantName = "[No Variations]"
Change component parameters (AddParameter): Name = "Manufacturer Part Number"; Value = "L78L33ACUTR"; VariantName = "[No Variations]"
Change component parameters (AddParameter): Name = "Value"; Value = "L78L33ACUTR"; VariantName = "[No Variations]"
Change component parameters: Designator = "VR1" ("VR1"); Footprint = "Potentiometer"; UniqueID = "\QQJKCRTF" ("\QQJKCRTF")
Change component parameters (AddParameter): Name = "Manufacturer"; Value = "KLS ELECTRONIC "; VariantName = "[No Variations]"
Change component parameters (AddParameter): Name = "Manufacturer Part Number"; Value = "L-KLS4-WH06-2A-103"; VariantName = "[No Variations]"
Change component parameters (AddParameter): Name = "Value"; Value = "10K"; VariantName = "[No Variations]"
Added Component: Designator=D2(SMA)
Add component (AddParameter): Name = "ComponentLink1Description"; Value = "Datasheet link"; VariantName = "[No Variations]"
Add component (AddParameter): Name = "ComponentLink1URL"; Value = "http://www.onsemi.com/pub_link/Collateral/MURA160T3-D.PDF"; VariantName = "[No Variations]"
Add component (AddParameter): Name = "Manufacturer"; Value = "ON Semiconductor"; VariantName = "[No Variations]"
Add component (AddParameter): Name = "Manufacturer Part Number"; Value = "US1D_R1_00001"; VariantName = "[No Variations]"
Add component (AddParameter): Name = "Value"; Value = "200V 1A"; VariantName = "[No Variations]"
Added Component: Designator=D3(SMA)
Add component (AddParameter): Name = "ComponentLink1Description"; Value = "Datasheet link"; VariantName = "[No Variations]"
Add component (AddParameter): Name = "ComponentLink1URL"; Value = "http://www.onsemi.com/pub_link/Collateral/MURA160T3-D.PDF"; VariantName = "[No Variations]"
Add component (AddParameter): Name = "Manufacturer"; Value = "ON Semiconductor"; VariantName = "[No Variations]"
Add component (AddParameter): Name = "Manufacturer Part Number"; Value = "US1D_R1_00001"; VariantName = "[No Variations]"
Add component (AddParameter): Name = "Value"; Value = "200V 1A"; VariantName = "[No Variations]"
Add Component: Footprint Not Found DIONM5127X250N
Add Component: Footprint Not Found 3.2X1.6X1.1
Add Component: Footprint Not Found 3.2X1.6X1.1
Add Component: Footprint Not Found 3.2X1.6X1.1
Added Component: Designator=P1(HDR1X3)
Add component (AddParameter): Name = "Manufacturer"; Value = ""; VariantName = "[No Variations]"
Add component (AddParameter): Name = "Manufacturer Part Number"; Value = ""; VariantName = "[No Variations]"
Add Component: Footprint Not Found ERZV05D180
Add Pin To Net: Unknown Pin: Pin BZ1-1A
Added Pin To Net: NetName=GND Pin=C1-1
Added Pin To Net: NetName=3V3 Pin=C1-2
Added Pin To Net: NetName=GND Pin=C2-1
Added Pin To Net: NetName=3V3 Pin=C2-2
Add Pin To Net: Unknown Pin: Pin D?-1
Added Pin To Net: NetName=GND Pin=J1-5
Add Pin To Net: Unknown Pin: Pin LED1-2
Add Pin To Net: Unknown Pin: Pin LED2-2
Add Pin To Net: Unknown Pin: Pin LED3-2
Added Pin To Net: NetName=3V3 Pin=P1-1
Added Pin To Net: NetName=GND Pin=P1-2
Added Pin To Net: NetName=GND Pin=Q1-3
Added Pin To Net: NetName=GND Pin=Q2-3
Added Pin To Net: NetName=3V3 Pin=RLY1-8
Add Pin To Net: Unknown Pin: Pin U1-7
Add Pin To Net: Unknown Pin: Pin U1-8
Added Pin To Net: NetName=3V3 Pin=U2-3
Add Pin To Net: Unknown Pin: Pin VAR1-1
Change Net Name : Old Net Name=3V3 New Net Name=VCC
Change Net Name : Old Net Name=NewNet8 New Net Name=NetBZ1_1
Added Pin To Net: NetName=24V Pin=D1-2
Added Pin To Net: NetName=24V Pin=J1-1
Added Pin To Net: NetName=24V Pin=SW1-1
Added Net: Name=24V
Added Pin To Net: NetName=ADJ Pin=VR1-3
Added Net: Name=ADJ
Added Pin To Net: NetName=BUZ Pin=R1-2
Added Net: Name=BUZ
Added Pin To Net: NetName=COM Pin=J1-9
Added Pin To Net: NetName=COM Pin=RLY1-3
Added Pin To Net: NetName=COM Pin=RLY1-6
Added Net: Name=COM
Added Pin To Net: NetName=IN L1 Pin=J1-6
Added Net: Name=IN L1
Added Pin To Net: NetName=IN L2 Pin=J1-7
Added Net: Name=IN L2
Added Pin To Net: NetName=IN L3 Pin=J1-8
Added Net: Name=IN L3
Added Net: Name=L1
Added Net: Name=L2
Added Net: Name=L3
Added Pin To Net: NetName=NC Pin=J1-10
Added Pin To Net: NetName=NC Pin=RLY1-2
Added Pin To Net: NetName=NC Pin=RLY1-7
Added Net: Name=NC
Added Pin To Net: NetName=NetBZ1_2 Pin=BZ1-2
Added Pin To Net: NetName=NetBZ1_2 Pin=Q1-1
Added Pin To Net: NetName=NetBZ1_2 Pin=R3-1
Added Net: Name=NetBZ1_2
Added Pin To Net: NetName=NetC3_2 Pin=C3-2
Added Pin To Net: NetName=NetC3_2 Pin=C4-2
Added Pin To Net: NetName=NetC3_2 Pin=D3-1
Added Pin To Net: NetName=NetC3_2 Pin=U2-1
Added Net: Name=NetC3_2
Added Pin To Net: NetName=NetD1_1 Pin=D1-1
Added Pin To Net: NetName=NetD1_1 Pin=D2-2
Added Net: Name=NetD1_1
Added Pin To Net: NetName=NetD2_1 Pin=D2-1
Added Pin To Net: NetName=NetD2_1 Pin=D3-2
Added Net: Name=NetD2_1
Added Pin To Net: NetName=NetQ1_2 Pin=Q1-2
Added Pin To Net: NetName=NetQ1_2 Pin=R1-1
Added Net: Name=NetQ1_2
Added Pin To Net: NetName=NetQ2_1 Pin=Q2-1
Added Pin To Net: NetName=NetQ2_1 Pin=RLY1-1
Added Net: Name=NetQ2_1
Added Pin To Net: NetName=NetQ2_2 Pin=Q2-2
Added Pin To Net: NetName=NetQ2_2 Pin=R2-1
Added Net: Name=NetQ2_2
Added Pin To Net: NetName=NO Pin=J1-11
Added Pin To Net: NetName=NO Pin=RLY1-4
Added Pin To Net: NetName=NO Pin=RLY1-5
Added Net: Name=NO
Added Pin To Net: NetName=RLY Pin=R2-2
Added Net: Name=RLY
Added Pin To Net: NetName=SWIM Pin=P1-3
Added Net: Name=SWIM
Added Class: Name=Sheet1_WATERALARM
